\BOOKMARK [1][-]{section.1}{Einleitung}{}% 1
\BOOKMARK [1][-]{section.2}{Projektmanagement in Data Science Projekten}{}% 2
\BOOKMARK [2][-]{subsection.2.1}{Wasserfallmodell}{section.2}% 3
\BOOKMARK [2][-]{subsection.2.2}{Agile}{section.2}% 4
\BOOKMARK [2][-]{subsection.2.3}{Besonderheiten von Data Science Projekten}{section.2}% 5
\BOOKMARK [2][-]{subsection.2.4}{Die Auswahl einer passenden Methode}{section.2}% 6
\BOOKMARK [1][-]{section.3}{DISG Projektmanagement}{}% 7
\BOOKMARK [2][-]{subsection.3.1}{DISG-Modell}{section.3}% 8
\BOOKMARK [2][-]{subsection.3.2}{Der Dominante}{section.3}% 9
\BOOKMARK [3][-]{subsubsection.3.2.1}{Im Agilen Umfeld}{subsection.3.2}% 10
\BOOKMARK [3][-]{subsubsection.3.2.2}{Im Wasserfallmodell}{subsection.3.2}% 11
\BOOKMARK [2][-]{subsection.3.3}{Die Initiative}{section.3}% 12
\BOOKMARK [3][-]{subsubsection.3.3.1}{Im Agilen Umfeld}{subsection.3.3}% 13
\BOOKMARK [3][-]{subsubsection.3.3.2}{Im Wasserfallmodell}{subsection.3.3}% 14
\BOOKMARK [2][-]{subsection.3.4}{Fazit}{section.3}% 15
\BOOKMARK [2][-]{subsection.3.5}{Der Stetige}{section.3}% 16
\BOOKMARK [3][-]{subsubsection.3.5.1}{Im Agilen}{subsection.3.5}% 17
\BOOKMARK [3][-]{subsubsection.3.5.2}{Wasserfallmodell}{subsection.3.5}% 18
\BOOKMARK [2][-]{subsection.3.6}{Die Gewissenhafte}{section.3}% 19
\BOOKMARK [3][-]{subsubsection.3.6.1}{Im Agilen}{subsection.3.6}% 20
\BOOKMARK [2][-]{subsection.3.7}{Im Wasserfallmodell}{section.3}% 21
\BOOKMARK [2][-]{subsection.3.8}{Teamzusammensetzung}{section.3}% 22
\BOOKMARK [1][-]{section.4}{Beispiele}{}% 23
\BOOKMARK [1][-]{section.5}{Fazit}{}% 24
